<?xml version="1.0" encoding="UTF-8" standalone="yes"?><!DOCTYPE report PUBLIC "-//JACOCO//DTD Report 1.0//EN" "report.dtd"><report name="jpa-workshop-products-dao-implementation"><sessioninfo id="xubuntain01-ebadb732" start="1598116774203" dump="1598116780737"/><package name="local/tin/tests/jpa/workshop/dao"><class name="local/tin/tests/jpa/workshop/dao/ProductDAOConfiguration$DAOConfigurationConfigurationHolder"><method name="&lt;init&gt;" desc="()V" line="32"><counter type="INSTRUCTION" missed="3" covered="0"/><counter type="LINE" missed="2" covered="0"/><counter type="COMPLEXITY" missed="1" covered="0"/><counter type="METHOD" missed="1" covered="0"/></method><method name="&lt;clinit&gt;" desc="()V" line="30"><counter type="INSTRUCTION" missed="0" covered="6"/><counter type="LINE" missed="0" covered="1"/><counter type="COMPLEXITY" missed="0" covered="1"/><counter type="METHOD" missed="0" covered="1"/></method><counter type="INSTRUCTION" missed="3" covered="6"/><counter type="LINE" missed="2" covered="1"/><counter type="COMPLEXITY" missed="1" covered="1"/><counter type="METHOD" missed="1" covered="1"/><counter type="CLASS" missed="0" covered="1"/></class><class name="local/tin/tests/jpa/workshop/dao/ProductDAOConfiguration"><method name="&lt;init&gt;" desc="()V" line="17"><counter type="INSTRUCTION" missed="0" covered="3"/><counter type="LINE" missed="0" covered="2"/><counter type="COMPLEXITY" missed="0" covered="1"/><counter type="METHOD" missed="0" covered="1"/></method><method name="getInstance" desc="()Llocal/tin/tests/jpa/workshop/dao/ProductDAOConfiguration;" line="22"><counter type="INSTRUCTION" missed="0" covered="8"/><counter type="BRANCH" missed="0" covered="2"/><counter type="LINE" missed="0" covered="3"/><counter type="COMPLEXITY" missed="0" covered="2"/><counter type="METHOD" missed="0" covered="1"/></method><method name="getConfigurationMap" desc="()Ljava/util/Map;" line="38"><counter type="INSTRUCTION" missed="0" covered="2"/><counter type="LINE" missed="0" covered="1"/><counter type="COMPLEXITY" missed="0" covered="1"/><counter type="METHOD" missed="0" covered="1"/></method><method name="getLogger" desc="()Lorg/apache/log4j/Logger;" line="43"><counter type="INSTRUCTION" missed="0" covered="2"/><counter type="LINE" missed="0" covered="1"/><counter type="COMPLEXITY" missed="0" covered="1"/><counter type="METHOD" missed="0" covered="1"/></method><method name="&lt;clinit&gt;" desc="()V" line="14"><counter type="INSTRUCTION" missed="0" covered="4"/><counter type="LINE" missed="0" covered="1"/><counter type="COMPLEXITY" missed="0" covered="1"/><counter type="METHOD" missed="0" covered="1"/></method><counter type="INSTRUCTION" missed="0" covered="19"/><counter type="BRANCH" missed="0" covered="2"/><counter type="LINE" missed="0" covered="8"/><counter type="COMPLEXITY" missed="0" covered="6"/><counter type="METHOD" missed="0" covered="5"/><counter type="CLASS" missed="0" covered="1"/></class><sourcefile name="ProductDAOConfiguration.java"><line nr="14" mi="0" ci="4" mb="0" cb="0"/><line nr="17" mi="0" ci="2" mb="0" cb="0"/><line nr="18" mi="0" ci="1" mb="0" cb="0"/><line nr="22" mi="0" ci="2" mb="0" cb="2"/><line nr="23" mi="0" ci="4" mb="0" cb="0"/><line nr="25" mi="0" ci="2" mb="0" cb="0"/><line nr="30" mi="0" ci="6" mb="0" cb="0"/><line nr="32" mi="2" ci="0" mb="0" cb="0"/><line nr="33" mi="1" ci="0" mb="0" cb="0"/><line nr="38" mi="0" ci="2" mb="0" cb="0"/><line nr="43" mi="0" ci="2" mb="0" cb="0"/><counter type="INSTRUCTION" missed="3" covered="25"/><counter type="BRANCH" missed="0" covered="2"/><counter type="LINE" missed="2" covered="9"/><counter type="COMPLEXITY" missed="1" covered="7"/><counter type="METHOD" missed="1" covered="6"/><counter type="CLASS" missed="0" covered="2"/></sourcefile><counter type="INSTRUCTION" missed="3" covered="25"/><counter type="BRANCH" missed="0" covered="2"/><counter type="LINE" missed="2" covered="9"/><counter type="COMPLEXITY" missed="1" covered="7"/><counter type="METHOD" missed="1" covered="6"/><counter type="CLASS" missed="0" covered="2"/></package><package name="local/tin/tests/jpa/workshop/dao/impl"><class name="local/tin/tests/jpa/workshop/dao/impl/AssemblyDAO"><method name="&lt;init&gt;" desc="(Ljavax/persistence/EntityManagerFactory;)V" line="20"><counter type="INSTRUCTION" missed="0" covered="4"/><counter type="LINE" missed="0" covered="2"/><counter type="COMPLEXITY" missed="0" covered="1"/><counter type="METHOD" missed="0" covered="1"/></method><method name="getDAOClass" desc="()Ljava/lang/Class;" line="25"><counter type="INSTRUCTION" missed="2" covered="0"/><counter type="LINE" missed="1" covered="0"/><counter type="COMPLEXITY" missed="1" covered="0"/><counter type="METHOD" missed="1" covered="0"/></method><method name="getEmmbeddedId" desc="(Llocal/tin/tests/jpa/workshop/model/domain/interfaces/ICompositeId;)Llocal/tin/tests/jpa/workshop/model/data/embeddables/AssemblyId;" line="30"><counter type="INSTRUCTION" missed="0" covered="16"/><counter type="LINE" missed="0" covered="4"/><counter type="COMPLEXITY" missed="0" covered="1"/><counter type="METHOD" missed="0" covered="1"/></method><method name="getCompositedId" desc="(Llocal/tin/tests/jpa/workshop/model/data/interfaces/IEmbeddable;)Llocal/tin/tests/jpa/workshop/model/domain/compositeIds/AssemblyId;" line="38"><counter type="INSTRUCTION" missed="0" covered="16"/><counter type="LINE" missed="0" covered="4"/><counter type="COMPLEXITY" missed="0" covered="1"/><counter type="METHOD" missed="0" covered="1"/></method><method name="getDomainObjectNewInstance" desc="()Llocal/tin/tests/jpa/workshop/model/domain/product/Assembly;" line="46"><counter type="INSTRUCTION" missed="4" covered="0"/><counter type="LINE" missed="1" covered="0"/><counter type="COMPLEXITY" missed="1" covered="0"/><counter type="METHOD" missed="1" covered="0"/></method><method name="getDataObjectNewInstance" desc="()Llocal/tin/tests/jpa/workshop/model/data/product/Assembly;" line="51"><counter type="INSTRUCTION" missed="4" covered="0"/><counter type="LINE" missed="1" covered="0"/><counter type="COMPLEXITY" missed="1" covered="0"/><counter type="METHOD" missed="1" covered="0"/></method><method name="updateDomainObjectDepth0Fields" desc="(Llocal/tin/tests/jpa/workshop/model/domain/product/Assembly;Llocal/tin/tests/jpa/workshop/model/data/product/Assembly;)Llocal/tin/tests/jpa/workshop/model/domain/product/Assembly;" line="56"><counter type="INSTRUCTION" missed="0" covered="6"/><counter type="LINE" missed="0" covered="2"/><counter type="COMPLEXITY" missed="0" covered="1"/><counter type="METHOD" missed="0" covered="1"/></method><method name="updateDomainObjectDeeperFields" desc="(Llocal/tin/tests/jpa/workshop/model/domain/product/Assembly;Llocal/tin/tests/jpa/workshop/model/data/product/Assembly;I)Llocal/tin/tests/jpa/workshop/model/domain/product/Assembly;" line="62"><counter type="INSTRUCTION" missed="0" covered="28"/><counter type="LINE" missed="0" covered="5"/><counter type="COMPLEXITY" missed="0" covered="1"/><counter type="METHOD" missed="0" covered="1"/></method><method name="updateDataObjectDepth0Fields" desc="(Llocal/tin/tests/jpa/workshop/model/domain/product/Assembly;Llocal/tin/tests/jpa/workshop/model/data/product/Assembly;)Llocal/tin/tests/jpa/workshop/model/data/product/Assembly;" line="71"><counter type="INSTRUCTION" missed="0" covered="6"/><counter type="LINE" missed="0" covered="2"/><counter type="COMPLEXITY" missed="0" covered="1"/><counter type="METHOD" missed="0" covered="1"/></method><method name="updateDataObjectDeeperFields" desc="(Llocal/tin/tests/jpa/workshop/model/domain/product/Assembly;Llocal/tin/tests/jpa/workshop/model/data/product/Assembly;I)Llocal/tin/tests/jpa/workshop/model/data/product/Assembly;" line="77"><counter type="INSTRUCTION" missed="0" covered="2"/><counter type="LINE" missed="0" covered="1"/><counter type="COMPLEXITY" missed="0" covered="1"/><counter type="METHOD" missed="0" covered="1"/></method><counter type="INSTRUCTION" missed="10" covered="78"/><counter type="LINE" missed="3" covered="20"/><counter type="COMPLEXITY" missed="3" covered="7"/><counter type="METHOD" missed="3" covered="7"/><counter type="CLASS" missed="0" covered="1"/></class><class name="local/tin/tests/jpa/workshop/dao/impl/UnitDAO"><method name="&lt;init&gt;" desc="(Ljavax/persistence/EntityManagerFactory;)V" line="16"><counter type="INSTRUCTION" missed="0" covered="4"/><counter type="LINE" missed="0" covered="2"/><counter type="COMPLEXITY" missed="0" covered="1"/><counter type="METHOD" missed="0" covered="1"/></method><method name="getDAOClass" desc="()Ljava/lang/Class;" line="21"><counter type="INSTRUCTION" missed="2" covered="0"/><counter type="LINE" missed="1" covered="0"/><counter type="COMPLEXITY" missed="1" covered="0"/><counter type="METHOD" missed="1" covered="0"/></method><method name="getDomainObjectNewInstance" desc="()Llocal/tin/tests/jpa/workshop/model/domain/product/Unit;" line="26"><counter type="INSTRUCTION" missed="4" covered="0"/><counter type="LINE" missed="1" covered="0"/><counter type="COMPLEXITY" missed="1" covered="0"/><counter type="METHOD" missed="1" covered="0"/></method><method name="getDataObjectNewInstance" desc="()Llocal/tin/tests/jpa/workshop/model/data/product/Unit;" line="31"><counter type="INSTRUCTION" missed="4" covered="0"/><counter type="LINE" missed="1" covered="0"/><counter type="COMPLEXITY" missed="1" covered="0"/><counter type="METHOD" missed="1" covered="0"/></method><method name="updateDomainObjectDepth0Fields" desc="(Llocal/tin/tests/jpa/workshop/model/domain/product/Unit;Llocal/tin/tests/jpa/workshop/model/data/product/Unit;)Llocal/tin/tests/jpa/workshop/model/domain/product/Unit;" line="36"><counter type="INSTRUCTION" missed="0" covered="10"/><counter type="LINE" missed="0" covered="3"/><counter type="COMPLEXITY" missed="0" covered="1"/><counter type="METHOD" missed="0" covered="1"/></method><method name="updateDomainObjectDeeperFields" desc="(Llocal/tin/tests/jpa/workshop/model/domain/product/Unit;Llocal/tin/tests/jpa/workshop/model/data/product/Unit;I)Llocal/tin/tests/jpa/workshop/model/domain/product/Unit;" line="43"><counter type="INSTRUCTION" missed="0" covered="25"/><counter type="BRANCH" missed="0" covered="2"/><counter type="LINE" missed="0" covered="5"/><counter type="COMPLEXITY" missed="0" covered="2"/><counter type="METHOD" missed="0" covered="1"/></method><method name="updateDataObjectDepth0Fields" desc="(Llocal/tin/tests/jpa/workshop/model/domain/product/Unit;Llocal/tin/tests/jpa/workshop/model/data/product/Unit;)Llocal/tin/tests/jpa/workshop/model/data/product/Unit;" line="52"><counter type="INSTRUCTION" missed="0" covered="10"/><counter type="LINE" missed="0" covered="3"/><counter type="COMPLEXITY" missed="0" covered="1"/><counter type="METHOD" missed="0" covered="1"/></method><method name="updateDataObjectDeeperFields" desc="(Llocal/tin/tests/jpa/workshop/model/domain/product/Unit;Llocal/tin/tests/jpa/workshop/model/data/product/Unit;I)Llocal/tin/tests/jpa/workshop/model/data/product/Unit;" line="59"><counter type="INSTRUCTION" missed="0" covered="25"/><counter type="BRANCH" missed="0" covered="2"/><counter type="LINE" missed="0" covered="5"/><counter type="COMPLEXITY" missed="0" covered="2"/><counter type="METHOD" missed="0" covered="1"/></method><method name="getComponentDAO" desc="()Llocal/tin/tests/jpa/workshop/dao/impl/ComponentDAO;" line="67"><counter type="INSTRUCTION" missed="0" covered="5"/><counter type="LINE" missed="0" covered="1"/><counter type="COMPLEXITY" missed="0" covered="1"/><counter type="METHOD" missed="0" covered="1"/></method><counter type="INSTRUCTION" missed="10" covered="79"/><counter type="BRANCH" missed="0" covered="4"/><counter type="LINE" missed="3" covered="19"/><counter type="COMPLEXITY" missed="3" covered="8"/><counter type="METHOD" missed="3" covered="6"/><counter type="CLASS" missed="0" covered="1"/></class><class name="local/tin/tests/jpa/workshop/dao/impl/ProductDAOFactory$Loader"><method name="&lt;init&gt;" desc="()V" line="23"><counter type="INSTRUCTION" missed="3" covered="0"/><counter type="LINE" missed="2" covered="0"/><counter type="COMPLEXITY" missed="1" covered="0"/><counter type="METHOD" missed="1" covered="0"/></method><method name="&lt;clinit&gt;" desc="()V" line="21"><counter type="INSTRUCTION" missed="0" covered="6"/><counter type="LINE" missed="0" covered="1"/><counter type="COMPLEXITY" missed="0" covered="1"/><counter type="METHOD" missed="0" covered="1"/></method><counter type="INSTRUCTION" missed="3" covered="6"/><counter type="LINE" missed="2" covered="1"/><counter type="COMPLEXITY" missed="1" covered="1"/><counter type="METHOD" missed="1" covered="1"/><counter type="CLASS" missed="0" covered="1"/></class><class name="local/tin/tests/jpa/workshop/dao/impl/ProductDAO"><method name="&lt;init&gt;" desc="(Ljavax/persistence/EntityManagerFactory;)V" line="16"><counter type="INSTRUCTION" missed="0" covered="4"/><counter type="LINE" missed="0" covered="2"/><counter type="COMPLEXITY" missed="0" covered="1"/><counter type="METHOD" missed="0" covered="1"/></method><method name="getDAOClass" desc="()Ljava/lang/Class;" line="21"><counter type="INSTRUCTION" missed="2" covered="0"/><counter type="LINE" missed="1" covered="0"/><counter type="COMPLEXITY" missed="1" covered="0"/><counter type="METHOD" missed="1" covered="0"/></method><method name="getDomainObjectNewInstance" desc="()Llocal/tin/tests/jpa/workshop/model/domain/product/Product;" line="26"><counter type="INSTRUCTION" missed="4" covered="0"/><counter type="LINE" missed="1" covered="0"/><counter type="COMPLEXITY" missed="1" covered="0"/><counter type="METHOD" missed="1" covered="0"/></method><method name="getDataObjectNewInstance" desc="()Llocal/tin/tests/jpa/workshop/model/data/product/Product;" line="31"><counter type="INSTRUCTION" missed="4" covered="0"/><counter type="LINE" missed="1" covered="0"/><counter type="COMPLEXITY" missed="1" covered="0"/><counter type="METHOD" missed="1" covered="0"/></method><method name="updateDomainObjectDepth0Fields" desc="(Llocal/tin/tests/jpa/workshop/model/domain/product/Product;Llocal/tin/tests/jpa/workshop/model/data/product/Product;)Llocal/tin/tests/jpa/workshop/model/domain/product/Product;" line="36"><counter type="INSTRUCTION" missed="0" covered="10"/><counter type="LINE" missed="0" covered="3"/><counter type="COMPLEXITY" missed="0" covered="1"/><counter type="METHOD" missed="0" covered="1"/></method><method name="updateDomainObjectDeeperFields" desc="(Llocal/tin/tests/jpa/workshop/model/domain/product/Product;Llocal/tin/tests/jpa/workshop/model/data/product/Product;I)Llocal/tin/tests/jpa/workshop/model/domain/product/Product;" line="43"><counter type="INSTRUCTION" missed="0" covered="27"/><counter type="BRANCH" missed="0" covered="2"/><counter type="LINE" missed="0" covered="5"/><counter type="COMPLEXITY" missed="0" covered="2"/><counter type="METHOD" missed="0" covered="1"/></method><method name="updateDataObjectDepth0Fields" desc="(Llocal/tin/tests/jpa/workshop/model/domain/product/Product;Llocal/tin/tests/jpa/workshop/model/data/product/Product;)Llocal/tin/tests/jpa/workshop/model/data/product/Product;" line="52"><counter type="INSTRUCTION" missed="0" covered="10"/><counter type="LINE" missed="0" covered="3"/><counter type="COMPLEXITY" missed="0" covered="1"/><counter type="METHOD" missed="0" covered="1"/></method><method name="updateDataObjectDeeperFields" desc="(Llocal/tin/tests/jpa/workshop/model/domain/product/Product;Llocal/tin/tests/jpa/workshop/model/data/product/Product;I)Llocal/tin/tests/jpa/workshop/model/data/product/Product;" line="59"><counter type="INSTRUCTION" missed="0" covered="27"/><counter type="BRANCH" missed="0" covered="2"/><counter type="LINE" missed="0" covered="5"/><counter type="COMPLEXITY" missed="0" covered="2"/><counter type="METHOD" missed="0" covered="1"/></method><counter type="INSTRUCTION" missed="10" covered="78"/><counter type="BRANCH" missed="0" covered="4"/><counter type="LINE" missed="3" covered="18"/><counter type="COMPLEXITY" missed="3" covered="7"/><counter type="METHOD" missed="3" covered="5"/><counter type="CLASS" missed="0" covered="1"/></class><class name="local/tin/tests/jpa/workshop/dao/impl/ProductDAOFactory"><method name="&lt;init&gt;" desc="()V" line="16"><counter type="INSTRUCTION" missed="0" covered="3"/><counter type="LINE" missed="0" covered="2"/><counter type="COMPLEXITY" missed="0" covered="1"/><counter type="METHOD" missed="0" covered="1"/></method><method name="getInstance" desc="()Llocal/tin/tests/jpa/workshop/dao/impl/ProductDAOFactory;" line="28"><counter type="INSTRUCTION" missed="29" covered="24"/><counter type="BRANCH" missed="1" covered="3"/><counter type="LINE" missed="3" covered="10"/><counter type="COMPLEXITY" missed="1" covered="2"/><counter type="METHOD" missed="0" covered="1"/></method><method name="getEntityManagerFactory" desc="()Ljavax/persistence/EntityManagerFactory;" line="49"><counter type="INSTRUCTION" missed="0" covered="2"/><counter type="LINE" missed="0" covered="1"/><counter type="COMPLEXITY" missed="0" covered="1"/><counter type="METHOD" missed="0" covered="1"/></method><method name="getDAOBasePackage" desc="()Ljava/lang/String;" line="54"><counter type="INSTRUCTION" missed="3" covered="0"/><counter type="LINE" missed="1" covered="0"/><counter type="COMPLEXITY" missed="1" covered="0"/><counter type="METHOD" missed="1" covered="0"/></method><method name="getLogger" desc="()Lorg/apache/log4j/Logger;" line="59"><counter type="INSTRUCTION" missed="2" covered="0"/><counter type="LINE" missed="1" covered="0"/><counter type="COMPLEXITY" missed="1" covered="0"/><counter type="METHOD" missed="1" covered="0"/></method><method name="&lt;clinit&gt;" desc="()V" line="12"><counter type="INSTRUCTION" missed="0" covered="8"/><counter type="LINE" missed="0" covered="2"/><counter type="COMPLEXITY" missed="0" covered="1"/><counter type="METHOD" missed="0" covered="1"/></method><counter type="INSTRUCTION" missed="34" covered="37"/><counter type="BRANCH" missed="1" covered="3"/><counter type="LINE" missed="5" covered="15"/><counter type="COMPLEXITY" missed="3" covered="5"/><counter type="METHOD" missed="2" covered="4"/><counter type="CLASS" missed="0" covered="1"/></class><class name="local/tin/tests/jpa/workshop/dao/impl/ComponentDAO"><method name="&lt;init&gt;" desc="(Ljavax/persistence/EntityManagerFactory;)V" line="17"><counter type="INSTRUCTION" missed="0" covered="4"/><counter type="LINE" missed="0" covered="2"/><counter type="COMPLEXITY" missed="0" covered="1"/><counter type="METHOD" missed="0" covered="1"/></method><method name="getDAOClass" desc="()Ljava/lang/Class;" line="22"><counter type="INSTRUCTION" missed="2" covered="0"/><counter type="LINE" missed="1" covered="0"/><counter type="COMPLEXITY" missed="1" covered="0"/><counter type="METHOD" missed="1" covered="0"/></method><method name="getDomainObjectNewInstance" desc="()Llocal/tin/tests/jpa/workshop/model/domain/product/Component;" line="27"><counter type="INSTRUCTION" missed="4" covered="0"/><counter type="LINE" missed="1" covered="0"/><counter type="COMPLEXITY" missed="1" covered="0"/><counter type="METHOD" missed="1" covered="0"/></method><method name="getDataObjectNewInstance" desc="()Llocal/tin/tests/jpa/workshop/model/data/product/Component;" line="32"><counter type="INSTRUCTION" missed="4" covered="0"/><counter type="LINE" missed="1" covered="0"/><counter type="COMPLEXITY" missed="1" covered="0"/><counter type="METHOD" missed="1" covered="0"/></method><method name="updateDomainObjectDepth0Fields" desc="(Llocal/tin/tests/jpa/workshop/model/domain/product/Component;Llocal/tin/tests/jpa/workshop/model/data/product/Component;)Llocal/tin/tests/jpa/workshop/model/domain/product/Component;" line="37"><counter type="INSTRUCTION" missed="0" covered="6"/><counter type="LINE" missed="0" covered="2"/><counter type="COMPLEXITY" missed="0" covered="1"/><counter type="METHOD" missed="0" covered="1"/></method><method name="updateDomainObjectDeeperFields" desc="(Llocal/tin/tests/jpa/workshop/model/domain/product/Component;Llocal/tin/tests/jpa/workshop/model/data/product/Component;I)Llocal/tin/tests/jpa/workshop/model/domain/product/Component;" line="43"><counter type="INSTRUCTION" missed="0" covered="42"/><counter type="BRANCH" missed="0" covered="2"/><counter type="LINE" missed="0" covered="7"/><counter type="COMPLEXITY" missed="0" covered="2"/><counter type="METHOD" missed="0" covered="1"/></method><method name="updateDataObjectDepth0Fields" desc="(Llocal/tin/tests/jpa/workshop/model/domain/product/Component;Llocal/tin/tests/jpa/workshop/model/data/product/Component;)Llocal/tin/tests/jpa/workshop/model/data/product/Component;" line="54"><counter type="INSTRUCTION" missed="0" covered="6"/><counter type="LINE" missed="0" covered="2"/><counter type="COMPLEXITY" missed="0" covered="1"/><counter type="METHOD" missed="0" covered="1"/></method><method name="updateDataObjectDeeperFields" desc="(Llocal/tin/tests/jpa/workshop/model/domain/product/Component;Llocal/tin/tests/jpa/workshop/model/data/product/Component;I)Llocal/tin/tests/jpa/workshop/model/data/product/Component;" line="60"><counter type="INSTRUCTION" missed="0" covered="40"/><counter type="BRANCH" missed="0" covered="2"/><counter type="LINE" missed="0" covered="7"/><counter type="COMPLEXITY" missed="0" covered="2"/><counter type="METHOD" missed="0" covered="1"/></method><counter type="INSTRUCTION" missed="10" covered="98"/><counter type="BRANCH" missed="0" covered="4"/><counter type="LINE" missed="3" covered="20"/><counter type="COMPLEXITY" missed="3" covered="7"/><counter type="METHOD" missed="3" covered="5"/><counter type="CLASS" missed="0" covered="1"/></class><sourcefile name="ComponentDAO.java"><line nr="17" mi="0" ci="3" mb="0" cb="0"/><line nr="18" mi="0" ci="1" mb="0" cb="0"/><line nr="22" mi="2" ci="0" mb="0" cb="0"/><line nr="27" mi="4" ci="0" mb="0" cb="0"/><line nr="32" mi="4" ci="0" mb="0" cb="0"/><line nr="37" mi="0" ci="4" mb="0" cb="0"/><line nr="38" mi="0" ci="2" mb="0" cb="0"/><line nr="43" mi="0" ci="5" mb="0" cb="0"/><line nr="44" mi="0" ci="10" mb="0" cb="0"/><line nr="45" mi="0" ci="5" mb="0" cb="0"/><line nr="46" mi="0" ci="11" mb="0" cb="2"/><line nr="47" mi="0" ci="8" mb="0" cb="0"/><line nr="48" mi="0" ci="1" mb="0" cb="0"/><line nr="49" mi="0" ci="2" mb="0" cb="0"/><line nr="54" mi="0" ci="4" mb="0" cb="0"/><line nr="55" mi="0" ci="2" mb="0" cb="0"/><line nr="60" mi="0" ci="5" mb="0" cb="0"/><line nr="61" mi="0" ci="8" mb="0" cb="0"/><line nr="62" mi="0" ci="5" mb="0" cb="0"/><line nr="63" mi="0" ci="11" mb="0" cb="2"/><line nr="64" mi="0" ci="8" mb="0" cb="0"/><line nr="65" mi="0" ci="1" mb="0" cb="0"/><line nr="66" mi="0" ci="2" mb="0" cb="0"/><counter type="INSTRUCTION" missed="10" covered="98"/><counter type="BRANCH" missed="0" covered="4"/><counter type="LINE" missed="3" covered="20"/><counter type="COMPLEXITY" missed="3" covered="7"/><counter type="METHOD" missed="3" covered="5"/><counter type="CLASS" missed="0" covered="1"/></sourcefile><sourcefile name="AssemblyDAO.java"><line nr="20" mi="0" ci="3" mb="0" cb="0"/><line nr="21" mi="0" ci="1" mb="0" cb="0"/><line nr="25" mi="2" ci="0" mb="0" cb="0"/><line nr="30" mi="0" ci="4" mb="0" cb="0"/><line nr="31" mi="0" ci="5" mb="0" cb="0"/><line nr="32" mi="0" ci="5" mb="0" cb="0"/><line nr="33" mi="0" ci="2" mb="0" cb="0"/><line nr="38" mi="0" ci="4" mb="0" cb="0"/><line nr="39" mi="0" ci="5" mb="0" cb="0"/><line nr="40" mi="0" ci="5" mb="0" cb="0"/><line nr="41" mi="0" ci="2" mb="0" cb="0"/><line nr="46" mi="4" ci="0" mb="0" cb="0"/><line nr="51" mi="4" ci="0" mb="0" cb="0"/><line nr="56" mi="0" ci="4" mb="0" cb="0"/><line nr="57" mi="0" ci="2" mb="0" cb="0"/><line nr="62" mi="0" ci="5" mb="0" cb="0"/><line nr="63" mi="0" ci="8" mb="0" cb="0"/><line nr="64" mi="0" ci="5" mb="0" cb="0"/><line nr="65" mi="0" ci="8" mb="0" cb="0"/><line nr="66" mi="0" ci="2" mb="0" cb="0"/><line nr="71" mi="0" ci="4" mb="0" cb="0"/><line nr="72" mi="0" ci="2" mb="0" cb="0"/><line nr="77" mi="0" ci="2" mb="0" cb="0"/><counter type="INSTRUCTION" missed="10" covered="78"/><counter type="LINE" missed="3" covered="20"/><counter type="COMPLEXITY" missed="3" covered="7"/><counter type="METHOD" missed="3" covered="7"/><counter type="CLASS" missed="0" covered="1"/></sourcefile><sourcefile name="ProductDAO.java"><line nr="16" mi="0" ci="3" mb="0" cb="0"/><line nr="17" mi="0" ci="1" mb="0" cb="0"/><line nr="21" mi="2" ci="0" mb="0" cb="0"/><line nr="26" mi="4" ci="0" mb="0" cb="0"/><line nr="31" mi="4" ci="0" mb="0" cb="0"/><line nr="36" mi="0" ci="4" mb="0" cb="0"/><line nr="37" mi="0" ci="4" mb="0" cb="0"/><line nr="38" mi="0" ci="2" mb="0" cb="0"/><line nr="43" mi="0" ci="5" mb="0" cb="0"/><line nr="44" mi="0" ci="11" mb="0" cb="2"/><line nr="45" mi="0" ci="8" mb="0" cb="0"/><line nr="46" mi="0" ci="1" mb="0" cb="0"/><line nr="47" mi="0" ci="2" mb="0" cb="0"/><line nr="52" mi="0" ci="4" mb="0" cb="0"/><line nr="53" mi="0" ci="4" mb="0" cb="0"/><line nr="54" mi="0" ci="2" mb="0" cb="0"/><line nr="59" mi="0" ci="5" mb="0" cb="0"/><line nr="60" mi="0" ci="11" mb="0" cb="2"/><line nr="61" mi="0" ci="8" mb="0" cb="0"/><line nr="62" mi="0" ci="1" mb="0" cb="0"/><line nr="63" mi="0" ci="2" mb="0" cb="0"/><counter type="INSTRUCTION" missed="10" covered="78"/><counter type="BRANCH" missed="0" covered="4"/><counter type="LINE" missed="3" covered="18"/><counter type="COMPLEXITY" missed="3" covered="7"/><counter type="METHOD" missed="3" covered="5"/><counter type="CLASS" missed="0" covered="1"/></sourcefile><sourcefile name="ProductDAOFactory.java"><line nr="12" mi="0" ci="4" mb="0" cb="0"/><line nr="13" mi="0" ci="4" mb="0" cb="0"/><line nr="16" mi="0" ci="2" mb="0" cb="0"/><line nr="17" mi="0" ci="1" mb="0" cb="0"/><line nr="21" mi="0" ci="6" mb="0" cb="0"/><line nr="23" mi="2" ci="0" mb="0" cb="0"/><line nr="24" mi="1" ci="0" mb="0" cb="0"/><line nr="28" mi="0" ci="2" mb="0" cb="0"/><line nr="29" mi="0" ci="2" mb="0" cb="0"/><line nr="30" mi="0" ci="2" mb="0" cb="2"/><line nr="31" mi="0" ci="4" mb="0" cb="0"/><line nr="32" mi="0" ci="2" mb="0" cb="0"/><line nr="33" mi="0" ci="2" mb="1" cb="1"/><line nr="35" mi="0" ci="4" mb="0" cb="0"/><line nr="36" mi="1" ci="0" mb="0" cb="0"/><line nr="37" mi="11" ci="0" mb="0" cb="0"/><line nr="38" mi="12" ci="0" mb="0" cb="0"/><line nr="39" mi="0" ci="1" mb="0" cb="0"/><line nr="41" mi="5" ci="3" mb="0" cb="0"/><line nr="43" mi="0" ci="2" mb="0" cb="0"/><line nr="49" mi="0" ci="2" mb="0" cb="0"/><line nr="54" mi="3" ci="0" mb="0" cb="0"/><line nr="59" mi="2" ci="0" mb="0" cb="0"/><counter type="INSTRUCTION" missed="37" covered="43"/><counter type="BRANCH" missed="1" covered="3"/><counter type="LINE" missed="7" covered="16"/><counter type="COMPLEXITY" missed="4" covered="6"/><counter type="METHOD" missed="3" covered="5"/><counter type="CLASS" missed="0" covered="2"/></sourcefile><sourcefile name="UnitDAO.java"><line nr="16" mi="0" ci="3" mb="0" cb="0"/><line nr="17" mi="0" ci="1" mb="0" cb="0"/><line nr="21" mi="2" ci="0" mb="0" cb="0"/><line nr="26" mi="4" ci="0" mb="0" cb="0"/><line nr="31" mi="4" ci="0" mb="0" cb="0"/><line nr="36" mi="0" ci="4" mb="0" cb="0"/><line nr="37" mi="0" ci="4" mb="0" cb="0"/><line nr="38" mi="0" ci="2" mb="0" cb="0"/><line nr="43" mi="0" ci="3" mb="0" cb="0"/><line nr="44" mi="0" ci="11" mb="0" cb="2"/><line nr="45" mi="0" ci="8" mb="0" cb="0"/><line nr="46" mi="0" ci="1" mb="0" cb="0"/><line nr="47" mi="0" ci="2" mb="0" cb="0"/><line nr="52" mi="0" ci="4" mb="0" cb="0"/><line nr="53" mi="0" ci="4" mb="0" cb="0"/><line nr="54" mi="0" ci="2" mb="0" cb="0"/><line nr="59" mi="0" ci="3" mb="0" cb="0"/><line nr="60" mi="0" ci="11" mb="0" cb="2"/><line nr="61" mi="0" ci="8" mb="0" cb="0"/><line nr="62" mi="0" ci="1" mb="0" cb="0"/><line nr="63" mi="0" ci="2" mb="0" cb="0"/><line nr="67" mi="0" ci="5" mb="0" cb="0"/><counter type="INSTRUCTION" missed="10" covered="79"/><counter type="BRANCH" missed="0" covered="4"/><counter type="LINE" missed="3" covered="19"/><counter type="COMPLEXITY" missed="3" covered="8"/><counter type="METHOD" missed="3" covered="6"/><counter type="CLASS" missed="0" covered="1"/></sourcefile><counter type="INSTRUCTION" missed="77" covered="376"/><counter type="BRANCH" missed="1" covered="15"/><counter type="LINE" missed="19" covered="93"/><counter type="COMPLEXITY" missed="16" covered="35"/><counter type="METHOD" missed="15" covered="28"/><counter type="CLASS" missed="0" covered="6"/></package><counter type="INSTRUCTION" missed="80" covered="401"/><counter type="BRANCH" missed="1" covered="17"/><counter type="LINE" missed="21" covered="102"/><counter type="COMPLEXITY" missed="17" covered="42"/><counter type="METHOD" missed="16" covered="34"/><counter type="CLASS" missed="0" covered="8"/></report>