<?xml version="1.0" encoding="UTF-8"?>
<testsuite xmlns:xsi="http://www.w3.org/2001/XMLSchema-instance" xsi:noNamespaceSchemaLocation="https://maven.apache.org/surefire/maven-surefire-plugin/xsd/surefire-test-report-3.0.xsd" version="3.0" name="local.tin.tests.jpa.workshop.dao.impl.ProductDAOFactoryTest" time="0.927" tests="1" errors="0" skipped="0" failures="0">
  <properties>
[...]
</properties>
  <testcase name="getInstance_initializes_entitymanagerfactory" classname="local.tin.tests.jpa.workshop.dao.impl.ProductDAOFactoryTest" time="0.619"/>
</testsuite>